<?xml version="1.0" encoding="UTF-8"?>
<testsuite name="QueueTest" tests="5" skipped="0" failures="0" errors="0" timestamp="2020-01-20T20:20:33" hostname="Rans-MBP.localdomain" time="0.005">
  <properties/>
  <testcase name="test_peek" classname="QueueTest" time="0.001"/>
  <testcase name="test_dequeueEmpty" classname="QueueTest" time="0.0"/>
  <testcase name="test_dequeue" classname="QueueTest" time="0.0"/>
  <testcase name="test_isEmpty" classname="QueueTest" time="0.0"/>
  <testcase name="test_enqueue" classname="QueueTest" time="0.0"/>
  <system-out><![CDATA[]]></system-out>
  <system-err><![CDATA[]]></system-err>
</testsuite>
